<?xml version="1.0" encoding="UTF-8"?>
<coverage generated="1726729492464" clover="3.2.0">
  <project timestamp="1726729492464" name="All files">
    <metrics statements="19" coveredstatements="16" conditionals="8" coveredconditionals="5" methods="7" coveredmethods="3" elements="34" coveredelements="24" complexity="0" loc="19" ncloc="19" packages="1" files="1" classes="1"/>
    <file name="main.js" path="C:\Users\abhipatil\Desktop\js\30DaysOfJavaScript\01 - Drum Kit\src\main.js">
      <metrics statements="19" coveredstatements="16" conditionals="8" coveredconditionals="5" methods="7" coveredmethods="3"/>
      <line num="1" count="1" type="stmt"/>
      <line num="3" count="1" type="stmt"/>
      <line num="15" count="1" type="stmt"/>
      <line num="16" count="1" type="stmt"/>
      <line num="17" count="0" type="stmt"/>
      <line num="22" count="1" type="cond" truecount="1" falsecount="1"/>
      <line num="23" count="1" type="stmt"/>
      <line num="27" count="2" type="stmt"/>
      <line num="31" count="2" type="stmt"/>
      <line num="35" count="2" type="cond" truecount="2" falsecount="0"/>
      <line num="37" count="1" type="stmt"/>
      <line num="38" count="1" type="stmt"/>
      <line num="39" count="1" type="stmt"/>
      <line num="43" count="1" type="stmt"/>
      <line num="45" count="1" type="stmt"/>
      <line num="47" count="1" type="stmt"/>
      <line num="48" count="0" type="stmt"/>
      <line num="49" count="0" type="stmt"/>
      <line num="54" count="1" type="stmt"/>
    </file>
  </project>
</coverage>
