TN:
SF:src\main.js
FN:15,(anonymous_0)
FN:16,(anonymous_1)
FN:21,removeTransition
FN:26,playSound
FN:43,(anonymous_4)
FN:47,(anonymous_5)
FN:48,(anonymous_6)
FNF:7
FNH:3
FNDA:1,(anonymous_0)
FNDA:0,(anonymous_1)
FNDA:1,removeTransition
FNDA:2,playSound
FNDA:0,(anonymous_4)
FNDA:0,(anonymous_5)
FNDA:0,(anonymous_6)
DA:1,1
DA:3,1
DA:15,1
DA:16,1
DA:17,0
DA:22,1
DA:23,1
DA:27,2
DA:31,2
DA:35,2
DA:37,1
DA:38,1
DA:39,1
DA:43,1
DA:45,1
DA:47,1
DA:48,0
DA:49,0
DA:54,1
LF:19
LH:16
BRDA:22,0,0,0
BRDA:22,0,1,1
BRDA:28,1,0,2
BRDA:28,1,1,0
BRDA:32,2,0,2
BRDA:32,2,1,0
BRDA:35,3,0,1
BRDA:35,3,1,1
BRF:8
BRH:5
end_of_record
